# JRE version: OpenJDK Runtime Environment (8.0_112-b06) (build 1.8.0_112-release-b06)
# Java VM: OpenJDK 64-Bit Server VM (25.112-b06 mixed mode windows-amd64 compressed oops)
Heap:
 PSYoungGen      total 144896K, used 42645K [0x00000000eab00000, 0x00000000fa780000, 0x0000000100000000)
  eden space 124416K, 24% used [0x00000000eab00000,0x00000000ec8b44f0,0x00000000f2480000)
  from space 20480K, 59% used [0x00000000f2480000,0x00000000f3071190,0x00000000f3880000)
  to   space 29696K, 0% used [0x00000000f8a80000,0x00000000f8a80000,0x00000000fa780000)
 ParOldGen       total 44032K, used 43740K [0x00000000c0000000, 0x00000000c2b00000, 0x00000000eab00000)
  object space 44032K, 99% used [0x00000000c0000000,0x00000000c2ab70c0,0x00000000c2b00000)
 Metaspace       used 6490K, capacity 7218K, committed 7296K, reserved 1056768K
  class space    used 598K, capacity 618K, committed 640K, reserved 1048576K
GC Heap History (10 events):
Event: 41.841 GC heap before
{Heap before GC invocations=6 (full 0):
 PSYoungGen      total 35328K, used 35321K [0x00000000eab00000, 0x00000000efd00000, 0x0000000100000000)
  eden space 32768K, 100% used [0x00000000eab00000,0x00000000ecb00000,0x00000000ecb00000)
  from space 2560K, 99% used [0x00000000ecb00000,0x00000000ecd7e698,0x00000000ecd80000)
  to   space 9216K, 0% used [0x00000000ef400000,0x00000000ef400000,0x00000000efd00000)
 ParOldGen       total 44032K, used 12754K [0x00000000c0000000, 0x00000000c2b00000, 0x00000000eab00000)
  object space 44032K, 28% used [0x00000000c0000000,0x00000000c0c74968,0x00000000c2b00000)
 Metaspace       used 6231K, capacity 7152K, committed 7296K, reserved 1056768K
  class space    used 580K, capacity 616K, committed 640K, reserved 1048576K
Event: 42.090 GC heap after
Heap after GC invocations=6 (full 0):
 PSYoungGen      total 73728K, used 7945K [0x00000000eab00000, 0x00000000eff00000, 0x0000000100000000)
  eden space 64512K, 0% used [0x00000000eab00000,0x00000000eab00000,0x00000000eea00000)
  from space 9216K, 86% used [0x00000000ef400000,0x00000000efbc26a8,0x00000000efd00000)
  to   space 10240K, 0% used [0x00000000eea00000,0x00000000eea00000,0x00000000ef400000)
 ParOldGen       total 44032K, used 12754K [0x00000000c0000000, 0x00000000c2b00000, 0x00000000eab00000)
  object space 44032K, 28% used [0x00000000c0000000,0x00000000c0c74968,0x00000000c2b00000)
 Metaspace       used 6231K, capacity 7152K, committed 7296K, reserved 1056768K
  class space    used 580K, capacity 616K, committed 640K, reserved 1048576K
}
Event: 47.551 GC heap before
{Heap before GC invocations=7 (full 0):
 PSYoungGen      total 73728K, used 72457K [0x00000000eab00000, 0x00000000eff00000, 0x0000000100000000)
  eden space 64512K, 100% used [0x00000000eab00000,0x00000000eea00000,0x00000000eea00000)
  from space 9216K, 86% used [0x00000000ef400000,0x00000000efbc26a8,0x00000000efd00000)
  to   space 10240K, 0% used [0x00000000eea00000,0x00000000eea00000,0x00000000ef400000)
 ParOldGen       total 44032K, used 12754K [0x00000000c0000000, 0x00000000c2b00000, 0x00000000eab00000)
  object space 44032K, 28% used [0x00000000c0000000,0x00000000c0c74968,0x00000000c2b00000)
 Metaspace       used 6302K, capacity 7152K, committed 7296K, reserved 1056768K
  class space    used 580K, capacity 616K, committed 640K, reserved 1048576K
Event: 48.191 GC heap after
Heap after GC invocations=7 (full 0):
 PSYoungGen      total 74752K, used 10218K [0x00000000eab00000, 0x00000000f4800000, 0x0000000100000000)
  eden space 64512K, 0% used [0x00000000eab00000,0x00000000eab00000,0x00000000eea00000)
  from space 10240K, 99% used [0x00000000eea00000,0x00000000ef3fa9b8,0x00000000ef400000)
  to   space 15872K, 0% used [0x00000000f3880000,0x00000000f3880000,0x00000000f4800000)
 ParOldGen       total 44032K, used 20437K [0x00000000c0000000, 0x00000000c2b00000, 0x00000000eab00000)
  object space 44032K, 46% used [0x00000000c0000000,0x00000000c13f5608,0x00000000c2b00000)
 Metaspace       used 6302K, capacity 7152K, committed 7296K, reserved 1056768K
  class space    used 580K, capacity 616K, committed 640K, reserved 1048576K
}
Event: 50.587 GC heap before
{Heap before GC invocations=8 (full 0):
 PSYoungGen      total 74752K, used 74730K [0x00000000eab00000, 0x00000000f4800000, 0x0000000100000000)
  eden space 64512K, 100% used [0x00000000eab00000,0x00000000eea00000,0x00000000eea00000)
  from space 10240K, 99% used [0x00000000eea00000,0x00000000ef3fa9b8,0x00000000ef400000)
  to   space 15872K, 0% used [0x00000000f3880000,0x00000000f3880000,0x00000000f4800000)
 ParOldGen       total 44032K, used 20437K [0x00000000c0000000, 0x00000000c2b00000, 0x00000000eab00000)
  object space 44032K, 46% used [0x00000000c0000000,0x00000000c13f5608,0x00000000c2b00000)
 Metaspace       used 6355K, capacity 7216K, committed 7296K, reserved 1056768K
  class space    used 580K, capacity 616K, committed 640K, reserved 1048576K
Event: 50.792 GC heap after
Heap after GC invocations=8 (full 0):
 PSYoungGen      total 140288K, used 15858K [0x00000000eab00000, 0x00000000f5100000, 0x0000000100000000)
  eden space 124416K, 0% used [0x00000000eab00000,0x00000000eab00000,0x00000000f2480000)
  from space 15872K, 99% used [0x00000000f3880000,0x00000000f47fcbd0,0x00000000f4800000)
  to   space 20480K, 0% used [0x00000000f2480000,0x00000000f2480000,0x00000000f3880000)
 ParOldGen       total 44032K, used 25132K [0x00000000c0000000, 0x00000000c2b00000, 0x00000000eab00000)
  object space 44032K, 57% used [0x00000000c0000000,0x00000000c188b3d0,0x00000000c2b00000)
 Metaspace       used 6355K, capacity 7216K, committed 7296K, reserved 1056768K
  class space    used 580K, capacity 616K, committed 640K, reserved 1048576K
}
Event: 55.982 GC heap before
{Heap before GC invocations=9 (full 0):
 PSYoungGen      total 140288K, used 140274K [0x00000000eab00000, 0x00000000f5100000, 0x0000000100000000)
  eden space 124416K, 100% used [0x00000000eab00000,0x00000000f2480000,0x00000000f2480000)
  from space 15872K, 99% used [0x00000000f3880000,0x00000000f47fcbd0,0x00000000f4800000)
  to   space 20480K, 0% used [0x00000000f2480000,0x00000000f2480000,0x00000000f3880000)
 ParOldGen       total 44032K, used 25132K [0x00000000c0000000, 0x00000000c2b00000, 0x00000000eab00000)
  object space 44032K, 57% used [0x00000000c0000000,0x00000000c188b3d0,0x00000000c2b00000)
 Metaspace       used 6485K, capacity 7218K, committed 7296K, reserved 1056768K
  class space    used 598K, capacity 618K, committed 640K, reserved 1048576K
Event: 56.914 GC heap after
Heap after GC invocations=9 (full 0):
 PSYoungGen      total 144896K, used 20448K [0x00000000eab00000, 0x00000000fa780000, 0x0000000100000000)
  eden space 124416K, 0% used [0x00000000eab00000,0x00000000eab00000,0x00000000f2480000)
  from space 20480K, 99% used [0x00000000f2480000,0x00000000f38780e0,0x00000000f3880000)
  to   space 29696K, 0% used [0x00000000f8a80000,0x00000000f8a80000,0x00000000fa780000)
 ParOldGen       total 44032K, used 39084K [0x00000000c0000000, 0x00000000c2b00000, 0x00000000eab00000)
  object space 44032K, 88% used [0x00000000c0000000,0x00000000c262b1f0,0x00000000c2b00000)
 Metaspace       used 6485K, capacity 7218K, committed 7296K, reserved 1056768K
  class space    used 598K, capacity 618K, committed 640K, reserved 1048576K
}
Event: 56.914 GC heap before
{Heap before GC invocations=10 (full 1):
 PSYoungGen      total 144896K, used 20448K [0x00000000eab00000, 0x00000000fa780000, 0x0000000100000000)
  eden space 124416K, 0% used [0x00000000eab00000,0x00000000eab00000,0x00000000f2480000)
  from space 20480K, 99% used [0x00000000f2480000,0x00000000f38780e0,0x00000000f3880000)
  to   space 29696K, 0% used [0x00000000f8a80000,0x00000000f8a80000,0x00000000fa780000)
 ParOldGen       total 44032K, used 39084K [0x00000000c0000000, 0x00000000c2b00000, 0x00000000eab00000)
  object space 44032K, 88% used [0x00000000c0000000,0x00000000c262b1f0,0x00000000c2b00000)
 Metaspace       used 6485K, capacity 7218K, committed 7296K, reserved 1056768K
  class space    used 598K, capacity 618K, committed 640K, reserved 1048576K
Event: 63.772 GC heap after
Heap after GC invocations=10 (full 1):
 PSYoungGen      total 144896K, used 12228K [0x00000000eab00000, 0x00000000fa780000, 0x0000000100000000)
  eden space 124416K, 0% used [0x00000000eab00000,0x00000000eab00000,0x00000000f2480000)
  from space 20480K, 59% used [0x00000000f2480000,0x00000000f3071190,0x00000000f3880000)
  to   space 29696K, 0% used [0x00000000f8a80000,0x00000000f8a80000,0x00000000fa780000)
 ParOldGen       total 44032K, used 43740K [0x00000000c0000000, 0x00000000c2b00000, 0x00000000eab00000)
  object space 44032K, 99% used [0x00000000c0000000,0x00000000c2ab70c0,0x00000000c2b00000)
 Metaspace       used 6485K, capacity 7218K, committed 7296K, reserved 1056768K
  class space    used 598K, capacity 618K, committed 640K, reserved 1048576K
}

